# JRE version: OpenJDK Runtime Environment (8.0_152-b08) (build 1.8.0_152-release-915-b08)
# Java VM: OpenJDK 64-Bit Server VM (25.152-b08 mixed mode bsd-amd64 compressed oops)
Heap:
 PSYoungGen      total 478208K, used 26272K [0x00000007a0000000, 0x00000007bfe80000, 0x00000007c0000000)
  eden space 433664K, 4% used [0x00000007a0000000,0x00000007a14ed080,0x00000007ba780000)
  from space 44544K, 10% used [0x00000007ba780000,0x00000007bac3b048,0x00000007bd300000)
  to   space 44544K, 0% used [0x00000007bd300000,0x00000007bd300000,0x00000007bfe80000)
 ParOldGen       total 150528K, used 71554K [0x0000000760000000, 0x0000000769300000, 0x00000007a0000000)
  object space 150528K, 47% used [0x0000000760000000,0x00000007645e08a8,0x0000000769300000)
 Metaspace       used 75578K, capacity 79414K, committed 79576K, reserved 1118208K
  class space    used 9542K, capacity 10396K, committed 10496K, reserved 1048576K
GC Heap History (10 events):
Event: 550.690 GC heap before
{Heap before GC invocations=16 (full 3):
 PSYoungGen      total 317952K, used 315743K [0x00000007a0000000, 0x00000007b5980000, 0x00000007c0000000)
  eden space 289792K, 99% used [0x00000007a0000000,0x00000007b1aabb68,0x00000007b1b00000)
  from space 28160K, 93% used [0x00000007b3a00000,0x00000007b53ac428,0x00000007b5580000)
  to   space 31744K, 0% used [0x00000007b1b00000,0x00000007b1b00000,0x00000007b3a00000)
 ParOldGen       total 150528K, used 45079K [0x0000000760000000, 0x0000000769300000, 0x00000007a0000000)
  object space 150528K, 29% used [0x0000000760000000,0x0000000762c05dc0,0x0000000769300000)
 Metaspace       used 71885K, capacity 75120K, committed 75480K, reserved 1114112K
  class space    used 9178K, capacity 9879K, committed 9984K, reserved 1048576K
Event: 550.835 GC heap after
Heap after GC invocations=16 (full 3):
 PSYoungGen      total 321536K, used 25677K [0x00000007a0000000, 0x00000007bac00000, 0x00000007c0000000)
  eden space 289792K, 0% used [0x00000007a0000000,0x00000007a0000000,0x00000007b1b00000)
  from space 31744K, 80% used [0x00000007b1b00000,0x00000007b34136f8,0x00000007b3a00000)
  to   space 34304K, 0% used [0x00000007b8a80000,0x00000007b8a80000,0x00000007bac00000)
 ParOldGen       total 150528K, used 45087K [0x0000000760000000, 0x0000000769300000, 0x00000007a0000000)
  object space 150528K, 29% used [0x0000000760000000,0x0000000762c07dc0,0x0000000769300000)
 Metaspace       used 71885K, capacity 75120K, committed 75480K, reserved 1114112K
  class space    used 9178K, capacity 9879K, committed 9984K, reserved 1048576K
}
Event: 558.141 GC heap before
{Heap before GC invocations=17 (full 3):
 PSYoungGen      total 321536K, used 315469K [0x00000007a0000000, 0x00000007bac00000, 0x00000007c0000000)
  eden space 289792K, 100% used [0x00000007a0000000,0x00000007b1b00000,0x00000007b1b00000)
  from space 31744K, 80% used [0x00000007b1b00000,0x00000007b34136f8,0x00000007b3a00000)
  to   space 34304K, 0% used [0x00000007b8a80000,0x00000007b8a80000,0x00000007bac00000)
 ParOldGen       total 150528K, used 45087K [0x0000000760000000, 0x0000000769300000, 0x00000007a0000000)
  object space 150528K, 29% used [0x0000000760000000,0x0000000762c07dc0,0x0000000769300000)
 Metaspace       used 73254K, capacity 76522K, committed 76632K, reserved 1116160K
  class space    used 9289K, capacity 10010K, committed 10112K, reserved 1048576K
Event: 558.255 GC heap after
Heap after GC invocations=17 (full 3):
 PSYoungGen      total 397312K, used 34289K [0x00000007a0000000, 0x00000007bbb80000, 0x00000007c0000000)
  eden space 363008K, 0% used [0x00000007a0000000,0x00000007a0000000,0x00000007b6280000)
  from space 34304K, 99% used [0x00000007b8a80000,0x00000007babfc720,0x00000007bac00000)
  to   space 40960K, 0% used [0x00000007b6280000,0x00000007b6280000,0x00000007b8a80000)
 ParOldGen       total 150528K, used 50557K [0x0000000760000000, 0x0000000769300000, 0x00000007a0000000)
  object space 150528K, 33% used [0x0000000760000000,0x000000076315f728,0x0000000769300000)
 Metaspace       used 73254K, capacity 76522K, committed 76632K, reserved 1116160K
  class space    used 9289K, capacity 10010K, committed 10112K, reserved 1048576K
}
Event: 562.191 GC heap before
{Heap before GC invocations=18 (full 3):
 PSYoungGen      total 397312K, used 397297K [0x00000007a0000000, 0x00000007bbb80000, 0x00000007c0000000)
  eden space 363008K, 100% used [0x00000007a0000000,0x00000007b6280000,0x00000007b6280000)
  from space 34304K, 99% used [0x00000007b8a80000,0x00000007babfc720,0x00000007bac00000)
  to   space 40960K, 0% used [0x00000007b6280000,0x00000007b6280000,0x00000007b8a80000)
 ParOldGen       total 150528K, used 50557K [0x0000000760000000, 0x0000000769300000, 0x00000007a0000000)
  object space 150528K, 33% used [0x0000000760000000,0x000000076315f728,0x0000000769300000)
 Metaspace       used 73556K, capacity 76872K, committed 77144K, reserved 1116160K
  class space    used 9302K, capacity 10017K, committed 10112K, reserved 1048576K
Event: 562.308 GC heap after
Heap after GC invocations=18 (full 3):
 PSYoungGen      total 403968K, used 37062K [0x00000007a0000000, 0x00000007c0000000, 0x00000007c0000000)
  eden space 363008K, 0% used [0x00000007a0000000,0x00000007a0000000,0x00000007b6280000)
  from space 40960K, 90% used [0x00000007b6280000,0x00000007b86b1b58,0x00000007b8a80000)
  to   space 46080K, 0% used [0x00000007bd300000,0x00000007bd300000,0x00000007c0000000)
 ParOldGen       total 150528K, used 54496K [0x0000000760000000, 0x0000000769300000, 0x00000007a0000000)
  object space 150528K, 36% used [0x0000000760000000,0x00000007635380e8,0x0000000769300000)
 Metaspace       used 73556K, capacity 76872K, committed 77144K, reserved 1116160K
  class space    used 9302K, capacity 10017K, committed 10112K, reserved 1048576K
}
Event: 564.544 GC heap before
{Heap before GC invocations=19 (full 3):
 PSYoungGen      total 403968K, used 399673K [0x00000007a0000000, 0x00000007c0000000, 0x00000007c0000000)
  eden space 363008K, 99% used [0x00000007a0000000,0x00000007b621c9d0,0x00000007b6280000)
  from space 40960K, 90% used [0x00000007b6280000,0x00000007b86b1b58,0x00000007b8a80000)
  to   space 46080K, 0% used [0x00000007bd300000,0x00000007bd300000,0x00000007c0000000)
 ParOldGen       total 150528K, used 54496K [0x0000000760000000, 0x0000000769300000, 0x00000007a0000000)
  object space 150528K, 36% used [0x0000000760000000,0x00000007635380e8,0x0000000769300000)
 Metaspace       used 73700K, capacity 77076K, committed 77400K, reserved 1116160K
  class space    used 9309K, capacity 10029K, committed 10112K, reserved 1048576K
Event: 564.584 GC heap after
Heap after GC invocations=19 (full 3):
 PSYoungGen      total 479744K, used 13044K [0x00000007a0000000, 0x00000007c0000000, 0x00000007c0000000)
  eden space 433664K, 0% used [0x00000007a0000000,0x00000007a0000000,0x00000007ba780000)
  from space 46080K, 28% used [0x00000007bd300000,0x00000007bdfbd208,0x00000007c0000000)
  to   space 44544K, 0% used [0x00000007ba780000,0x00000007ba780000,0x00000007bd300000)
 ParOldGen       total 150528K, used 67406K [0x0000000760000000, 0x0000000769300000, 0x00000007a0000000)
  object space 150528K, 44% used [0x0000000760000000,0x00000007641d3ad8,0x0000000769300000)
 Metaspace       used 73700K, capacity 77076K, committed 77400K, reserved 1116160K
  class space    used 9309K, capacity 10029K, committed 10112K, reserved 1048576K
}
Event: 7931.658 GC heap before
{Heap before GC invocations=20 (full 3):
 PSYoungGen      total 479744K, used 446708K [0x00000007a0000000, 0x00000007c0000000, 0x00000007c0000000)
  eden space 433664K, 100% used [0x00000007a0000000,0x00000007ba780000,0x00000007ba780000)
  from space 46080K, 28% used [0x00000007bd300000,0x00000007bdfbd208,0x00000007c0000000)
  to   space 44544K, 0% used [0x00000007ba780000,0x00000007ba780000,0x00000007bd300000)
 ParOldGen       total 150528K, used 67406K [0x0000000760000000, 0x0000000769300000, 0x00000007a0000000)
  object space 150528K, 44% used [0x0000000760000000,0x00000007641d3ad8,0x0000000769300000)
 Metaspace       used 75367K, capacity 79044K, committed 79192K, reserved 1118208K
  class space    used 9505K, capacity 10305K, committed 10368K, reserved 1048576K
Event: 7931.818 GC heap after
Heap after GC invocations=20 (full 3):
 PSYoungGen      total 478208K, used 4844K [0x00000007a0000000, 0x00000007bfe80000, 0x00000007c0000000)
  eden space 433664K, 0% used [0x00000007a0000000,0x00000007a0000000,0x00000007ba780000)
  from space 44544K, 10% used [0x00000007ba780000,0x00000007bac3b048,0x00000007bd300000)
  to   space 44544K, 0% used [0x00000007bd300000,0x00000007bd300000,0x00000007bfe80000)
 ParOldGen       total 150528K, used 71554K [0x0000000760000000, 0x0000000769300000, 0x00000007a0000000)
  object space 150528K, 47% used [0x0000000760000000,0x00000007645e08a8,0x0000000769300000)
 Metaspace       used 75367K, capacity 79044K, committed 79192K, reserved 1118208K
  class space    used 9505K, capacity 10305K, committed 10368K, reserved 1048576K
}

