# JRE version: OpenJDK Runtime Environment (8.0_152-b08) (build 1.8.0_152-release-915-b08)
# Java VM: OpenJDK 64-Bit Server VM (25.152-b08 mixed mode bsd-amd64 compressed oops)
Heap:
 PSYoungGen      total 277504K, used 152739K [0x00000007a0000000, 0x00000007b7980000, 0x00000007c0000000)
  eden space 249344K, 52% used [0x00000007a0000000,0x00000007a80ce258,0x00000007af380000)
  from space 28160K, 74% used [0x00000007af380000,0x00000007b07daca8,0x00000007b0f00000)
  to   space 29184K, 0% used [0x00000007b5d00000,0x00000007b5d00000,0x00000007b7980000)
 ParOldGen       total 151552K, used 40800K [0x0000000760000000, 0x0000000769400000, 0x00000007a0000000)
  object space 151552K, 26% used [0x0000000760000000,0x00000007627d8280,0x0000000769400000)
 Metaspace       used 72484K, capacity 75398K, committed 75480K, reserved 1114112K
  class space    used 9292K, capacity 9952K, committed 9984K, reserved 1048576K
GC Heap History (10 events):
Event: 30.637 GC heap before
{Heap before GC invocations=14 (full 3):
 PSYoungGen      total 178688K, used 18414K [0x00000007a0000000, 0x00000007af200000, 0x00000007c0000000)
  eden space 160256K, 0% used [0x00000007a0000000,0x00000007a0000000,0x00000007a9c80000)
  from space 18432K, 99% used [0x00000007a9c80000,0x00000007aae7b9b0,0x00000007aae80000)
  to   space 20992K, 0% used [0x00000007add80000,0x00000007add80000,0x00000007af200000)
 ParOldGen       total 102912K, used 25880K [0x0000000760000000, 0x0000000766480000, 0x00000007a0000000)
  object space 102912K, 25% used [0x0000000760000000,0x0000000761946368,0x0000000766480000)
 Metaspace       used 56960K, capacity 58878K, committed 59028K, reserved 1099776K
  class space    used 7707K, capacity 8164K, committed 8192K, reserved 1048576K
Event: 31.001 GC heap after
Heap after GC invocations=14 (full 3):
 PSYoungGen      total 178688K, used 0K [0x00000007a0000000, 0x00000007af200000, 0x00000007c0000000)
  eden space 160256K, 0% used [0x00000007a0000000,0x00000007a0000000,0x00000007a9c80000)
  from space 18432K, 0% used [0x00000007a9c80000,0x00000007a9c80000,0x00000007aae80000)
  to   space 20992K, 0% used [0x00000007add80000,0x00000007add80000,0x00000007af200000)
 ParOldGen       total 151552K, used 33049K [0x0000000760000000, 0x0000000769400000, 0x00000007a0000000)
  object space 151552K, 21% used [0x0000000760000000,0x0000000762046620,0x0000000769400000)
 Metaspace       used 56952K, capacity 58848K, committed 59028K, reserved 1099776K
  class space    used 7704K, capacity 8159K, committed 8192K, reserved 1048576K
}
Event: 34.244 GC heap before
{Heap before GC invocations=15 (full 3):
 PSYoungGen      total 178688K, used 160030K [0x00000007a0000000, 0x00000007af200000, 0x00000007c0000000)
  eden space 160256K, 99% used [0x00000007a0000000,0x00000007a9c47a80,0x00000007a9c80000)
  from space 18432K, 0% used [0x00000007a9c80000,0x00000007a9c80000,0x00000007aae80000)
  to   space 20992K, 0% used [0x00000007add80000,0x00000007add80000,0x00000007af200000)
 ParOldGen       total 151552K, used 33049K [0x0000000760000000, 0x0000000769400000, 0x00000007a0000000)
  object space 151552K, 21% used [0x0000000760000000,0x0000000762046620,0x0000000769400000)
 Metaspace       used 61527K, capacity 63586K, committed 63704K, reserved 1103872K
  class space    used 8175K, capacity 8670K, committed 8704K, reserved 1048576K
Event: 34.279 GC heap after
Heap after GC invocations=15 (full 3):
 PSYoungGen      total 212480K, used 12906K [0x00000007a0000000, 0x00000007aeb00000, 0x00000007c0000000)
  eden space 198656K, 0% used [0x00000007a0000000,0x00000007a0000000,0x00000007ac200000)
  from space 13824K, 93% used [0x00000007add80000,0x00000007aea1a8b0,0x00000007aeb00000)
  to   space 20992K, 0% used [0x00000007ac200000,0x00000007ac200000,0x00000007ad680000)
 ParOldGen       total 151552K, used 33057K [0x0000000760000000, 0x0000000769400000, 0x00000007a0000000)
  object space 151552K, 21% used [0x0000000760000000,0x0000000762048620,0x0000000769400000)
 Metaspace       used 61527K, capacity 63586K, committed 63704K, reserved 1103872K
  class space    used 8175K, capacity 8670K, committed 8704K, reserved 1048576K
}
Event: 38.017 GC heap before
{Heap before GC invocations=16 (full 3):
 PSYoungGen      total 212480K, used 211562K [0x00000007a0000000, 0x00000007aeb00000, 0x00000007c0000000)
  eden space 198656K, 100% used [0x00000007a0000000,0x00000007ac200000,0x00000007ac200000)
  from space 13824K, 93% used [0x00000007add80000,0x00000007aea1a8b0,0x00000007aeb00000)
  to   space 20992K, 0% used [0x00000007ac200000,0x00000007ac200000,0x00000007ad680000)
 ParOldGen       total 151552K, used 33057K [0x0000000760000000, 0x0000000769400000, 0x00000007a0000000)
  object space 151552K, 21% used [0x0000000760000000,0x0000000762048620,0x0000000769400000)
 Metaspace       used 65517K, capacity 67722K, committed 67928K, reserved 1107968K
  class space    used 8586K, capacity 9066K, committed 9088K, reserved 1048576K
Event: 38.092 GC heap after
Heap after GC invocations=16 (full 3):
 PSYoungGen      total 219648K, used 20965K [0x00000007a0000000, 0x00000007b2900000, 0x00000007c0000000)
  eden space 198656K, 0% used [0x00000007a0000000,0x00000007a0000000,0x00000007ac200000)
  from space 20992K, 99% used [0x00000007ac200000,0x00000007ad679740,0x00000007ad680000)
  to   space 26624K, 0% used [0x00000007b0f00000,0x00000007b0f00000,0x00000007b2900000)
 ParOldGen       total 151552K, used 40784K [0x0000000760000000, 0x0000000769400000, 0x00000007a0000000)
  object space 151552K, 26% used [0x0000000760000000,0x00000007627d4280,0x0000000769400000)
 Metaspace       used 65517K, capacity 67722K, committed 67928K, reserved 1107968K
  class space    used 8586K, capacity 9066K, committed 9088K, reserved 1048576K
}
Event: 40.826 GC heap before
{Heap before GC invocations=17 (full 3):
 PSYoungGen      total 219648K, used 218846K [0x00000007a0000000, 0x00000007b2900000, 0x00000007c0000000)
  eden space 198656K, 99% used [0x00000007a0000000,0x00000007ac13e470,0x00000007ac200000)
  from space 20992K, 99% used [0x00000007ac200000,0x00000007ad679740,0x00000007ad680000)
  to   space 26624K, 0% used [0x00000007b0f00000,0x00000007b0f00000,0x00000007b2900000)
 ParOldGen       total 151552K, used 40784K [0x0000000760000000, 0x0000000769400000, 0x00000007a0000000)
  object space 151552K, 26% used [0x0000000760000000,0x00000007627d4280,0x0000000769400000)
 Metaspace       used 67524K, capacity 69958K, committed 69976K, reserved 1110016K
  class space    used 8807K, capacity 9342K, committed 9344K, reserved 1048576K
Event: 40.876 GC heap after
Heap after GC invocations=17 (full 3):
 PSYoungGen      total 275968K, used 20693K [0x00000007a0000000, 0x00000007b2e80000, 0x00000007c0000000)
  eden space 249344K, 0% used [0x00000007a0000000,0x00000007a0000000,0x00000007af380000)
  from space 26624K, 77% used [0x00000007b0f00000,0x00000007b23357e8,0x00000007b2900000)
  to   space 28160K, 0% used [0x00000007af380000,0x00000007af380000,0x00000007b0f00000)
 ParOldGen       total 151552K, used 40792K [0x0000000760000000, 0x0000000769400000, 0x00000007a0000000)
  object space 151552K, 26% used [0x0000000760000000,0x00000007627d6280,0x0000000769400000)
 Metaspace       used 67524K, capacity 69958K, committed 69976K, reserved 1110016K
  class space    used 8807K, capacity 9342K, committed 9344K, reserved 1048576K
}
Event: 42.119 GC heap before
{Heap before GC invocations=18 (full 3):
 PSYoungGen      total 275968K, used 270037K [0x00000007a0000000, 0x00000007b2e80000, 0x00000007c0000000)
  eden space 249344K, 100% used [0x00000007a0000000,0x00000007af380000,0x00000007af380000)
  from space 26624K, 77% used [0x00000007b0f00000,0x00000007b23357e8,0x00000007b2900000)
  to   space 28160K, 0% used [0x00000007af380000,0x00000007af380000,0x00000007b0f00000)
 ParOldGen       total 151552K, used 40792K [0x0000000760000000, 0x0000000769400000, 0x00000007a0000000)
  object space 151552K, 26% used [0x0000000760000000,0x00000007627d6280,0x0000000769400000)
 Metaspace       used 70831K, capacity 73690K, committed 73816K, reserved 1114112K
  class space    used 9202K, capacity 9808K, committed 9856K, reserved 1048576K
Event: 42.161 GC heap after
Heap after GC invocations=18 (full 3):
 PSYoungGen      total 277504K, used 20843K [0x00000007a0000000, 0x00000007b7980000, 0x00000007c0000000)
  eden space 249344K, 0% used [0x00000007a0000000,0x00000007a0000000,0x00000007af380000)
  from space 28160K, 74% used [0x00000007af380000,0x00000007b07daca8,0x00000007b0f00000)
  to   space 29184K, 0% used [0x00000007b5d00000,0x00000007b5d00000,0x00000007b7980000)
 ParOldGen       total 151552K, used 40800K [0x0000000760000000, 0x0000000769400000, 0x00000007a0000000)
  object space 151552K, 26% used [0x0000000760000000,0x00000007627d8280,0x0000000769400000)
 Metaspace       used 70831K, capacity 73690K, committed 73816K, reserved 1114112K
  class space    used 9202K, capacity 9808K, committed 9856K, reserved 1048576K
}

